2016-10-16 17:33:26,580 INFO  XmlBeanDefinitionReader [XmlBeanDefinitionReader.java:317] Loading XML bean definitions from class path resource [spring/spring-app.xml]
2016-10-16 17:33:37,534 INFO  XmlBeanDefinitionReader [XmlBeanDefinitionReader.java:317] Loading XML bean definitions from class path resource [spring/spring-db.xml]
2016-10-16 17:33:38,062 INFO  DefaultBeanDefinitionDocumentReader [DefaultBeanDefinitionDocumentReader.java:133] Skipped XML bean definition file due to specified profiles [tomcat] not matching: class path resource [spring/spring-db.xml]
2016-10-16 17:33:38,119 INFO  XmlBeanDefinitionReader [XmlBeanDefinitionReader.java:317] Loading XML bean definitions from class path resource [spring/spring-mvc.xml]
2016-10-16 17:33:38,667 INFO  GenericXmlApplicationContext [AbstractApplicationContext.java:581] Refreshing org.springframework.context.support.GenericXmlApplicationContext@feb3fa: startup date [Sun Oct 16 17:33:38 EEST 2016]; root of context hierarchy
2016-10-16 17:33:39,449 INFO  PropertyPlaceholderConfigurer [PropertiesLoaderSupport.java:172] Loading properties file from class path resource [db/postgres.properties]
2016-10-16 17:33:39,475 INFO  AutowiredAnnotationBeanPostProcessor [AutowiredAnnotationBeanPostProcessor.java:155] JSR-330 'javax.inject.Inject' annotation found and supported for autowiring
2016-10-16 17:33:40,608 INFO  LocalContainerEntityManagerFactoryBean [LocalContainerEntityManagerFactoryBean.java:334] Building JPA container EntityManagerFactory for persistence unit 'default'
2016-10-16 17:33:40,789 INFO  LogHelper [LogHelper.java:31] HHH000204: Processing PersistenceUnitInfo [
	name: default
	...]
2016-10-16 17:33:41,325 INFO  Version [Version.java:45] HHH000412: Hibernate Core {5.2.1.Final}
2016-10-16 17:33:41,329 INFO  Environment [Environment.java:213] HHH000206: hibernate.properties not found
2016-10-16 17:33:41,332 INFO  Environment [Environment.java:318] HHH000021: Bytecode provider name : javassist
2016-10-16 17:33:41,834 INFO  Version [JavaReflectionManager.java:66] HCANN000001: Hibernate Commons Annotations {5.0.1.Final}
2016-10-16 17:33:43,960 INFO  Dialect [Dialect.java:153] HHH000400: Using dialect: org.hibernate.dialect.PostgreSQL94Dialect
2016-10-16 17:33:48,865 INFO  LobCreatorBuilderImpl [LobCreatorBuilderImpl.java:124] HHH000424: Disabling contextual LOB creation as createClob() method threw error : java.lang.reflect.InvocationTargetException
2016-10-16 17:33:48,879 INFO  BasicTypeRegistry [BasicTypeRegistry.java:148] HHH000270: Type registration [java.util.UUID] overrides previous : org.hibernate.type.UUIDBinaryType@cbf1a
2016-10-16 17:33:50,284 INFO  Version [Version.java:30] HV000001: Hibernate Validator 5.2.4.Final
2016-10-16 17:33:51,508 INFO  QueryTranslatorFactoryInitiator [QueryTranslatorFactoryInitiator.java:47] HHH000397: Using ASTQueryTranslatorFactory
2016-10-16 17:33:51,984 INFO  LocalContainerEntityManagerFactoryBean [AbstractEntityManagerFactoryBean.java:382] Initialized JPA EntityManagerFactory for persistence unit 'default'
2016-10-16 17:33:52,238 INFO  ThreadPoolTaskExecutor [ExecutorConfigurationSupport.java:165] Initializing ExecutorService  'taskExecutor'
2016-10-16 17:33:52,421 INFO  ScriptUtils [ScriptUtils.java:444] Executing SQL script from class path resource [db/initDB.sql]
2016-10-16 17:33:53,685 INFO  ScriptUtils [ScriptUtils.java:510] Executed SQL script from class path resource [db/initDB.sql] in 1263 ms.
2016-10-16 17:33:54,447 INFO  RequestMappingHandlerMapping [AbstractHandlerMethodMapping.java:537] Mapped "{[/multiUpload],methods=[POST]}" onto public java.lang.String com.controller.multiUpload.MultiUploadController.multiFileUpload(org.springframework.web.multipart.MultipartHttpServletRequest,org.springframework.ui.Model) throws java.io.IOException
2016-10-16 17:33:54,449 INFO  RequestMappingHandlerMapping [AbstractHandlerMethodMapping.java:537] Mapped "{[/multiUpload],methods=[GET]}" onto public java.lang.String com.controller.multiUpload.MultiUploadController.getMultiUploadPage(org.springframework.ui.ModelMap)
2016-10-16 17:33:54,451 INFO  RequestMappingHandlerMapping [AbstractHandlerMethodMapping.java:537] Mapped "{[/],methods=[GET]}" onto public java.lang.String com.controller.RootController.getHomePage()
2016-10-16 17:33:54,455 INFO  RequestMappingHandlerMapping [AbstractHandlerMethodMapping.java:537] Mapped "{[/singleUpload],methods=[POST]}" onto public java.lang.String com.controller.singleUpload.SingleUploadController.singleFileUpload(org.springframework.web.multipart.MultipartFile,org.springframework.ui.ModelMap) throws java.io.IOException
2016-10-16 17:33:54,456 INFO  RequestMappingHandlerMapping [AbstractHandlerMethodMapping.java:537] Mapped "{[/singleUpload],methods=[GET]}" onto public java.lang.String com.controller.singleUpload.SingleUploadController.getSingleUploadPage(org.springframework.ui.ModelMap)
2016-10-16 17:33:55,841 INFO  RequestMappingHandlerAdapter [RequestMappingHandlerAdapter.java:534] Looking for @ControllerAdvice: org.springframework.context.support.GenericXmlApplicationContext@feb3fa: startup date [Sun Oct 16 17:33:38 EEST 2016]; root of context hierarchy
2016-10-16 17:33:56,021 INFO  RequestMappingHandlerAdapter [RequestMappingHandlerAdapter.java:534] Looking for @ControllerAdvice: org.springframework.context.support.GenericXmlApplicationContext@feb3fa: startup date [Sun Oct 16 17:33:38 EEST 2016]; root of context hierarchy
2016-10-16 17:33:56,071 DEBUG ExceptionHandlerExceptionResolver [ExceptionHandlerExceptionResolver.java:258] Looking for exception mappings: org.springframework.context.support.GenericXmlApplicationContext@feb3fa: startup date [Sun Oct 16 17:33:38 EEST 2016]; root of context hierarchy
2016-10-16 17:33:56,244 INFO  SimpleUrlHandlerMapping [AbstractUrlHandlerMapping.java:354] Mapped URL path [/resources/**] onto handler 'org.springframework.web.servlet.resource.ResourceHttpRequestHandler#0'
2016-10-16 17:33:56,252 INFO  SimpleUrlHandlerMapping [AbstractUrlHandlerMapping.java:354] Mapped URL path [/**] onto handler 'org.springframework.web.servlet.resource.DefaultServletHttpRequestHandler#0'
2016-10-16 17:33:56,257 INFO  SimpleUrlHandlerMapping [AbstractUrlHandlerMapping.java:354] Mapped URL path [/webjars/**] onto handler 'org.springframework.web.servlet.resource.ResourceHttpRequestHandler#1'
2016-10-16 17:33:58,436 INFO  ThreadPoolTaskExecutor [ExecutorConfigurationSupport.java:203] Shutting down ExecutorService 'taskExecutor'
2016-10-16 17:35:06,278 INFO  XmlBeanDefinitionReader [XmlBeanDefinitionReader.java:317] Loading XML bean definitions from class path resource [spring/spring-app.xml]
2016-10-16 17:35:06,715 INFO  XmlBeanDefinitionReader [XmlBeanDefinitionReader.java:317] Loading XML bean definitions from class path resource [spring/spring-db.xml]
2016-10-16 17:35:06,846 INFO  DefaultBeanDefinitionDocumentReader [DefaultBeanDefinitionDocumentReader.java:133] Skipped XML bean definition file due to specified profiles [tomcat] not matching: class path resource [spring/spring-db.xml]
2016-10-16 17:35:06,862 INFO  XmlBeanDefinitionReader [XmlBeanDefinitionReader.java:317] Loading XML bean definitions from class path resource [spring/spring-mvc.xml]
2016-10-16 17:35:07,045 INFO  GenericXmlApplicationContext [AbstractApplicationContext.java:581] Refreshing org.springframework.context.support.GenericXmlApplicationContext@feb3fa: startup date [Sun Oct 16 17:35:07 EEST 2016]; root of context hierarchy
2016-10-16 17:35:07,506 INFO  PropertyPlaceholderConfigurer [PropertiesLoaderSupport.java:172] Loading properties file from class path resource [db/postgres.properties]
2016-10-16 17:35:07,520 INFO  AutowiredAnnotationBeanPostProcessor [AutowiredAnnotationBeanPostProcessor.java:155] JSR-330 'javax.inject.Inject' annotation found and supported for autowiring
2016-10-16 17:35:08,144 INFO  LocalContainerEntityManagerFactoryBean [LocalContainerEntityManagerFactoryBean.java:334] Building JPA container EntityManagerFactory for persistence unit 'default'
2016-10-16 17:35:08,204 INFO  LogHelper [LogHelper.java:31] HHH000204: Processing PersistenceUnitInfo [
	name: default
	...]
2016-10-16 17:35:08,603 INFO  Version [Version.java:45] HHH000412: Hibernate Core {5.2.1.Final}
2016-10-16 17:35:08,606 INFO  Environment [Environment.java:213] HHH000206: hibernate.properties not found
2016-10-16 17:35:08,610 INFO  Environment [Environment.java:318] HHH000021: Bytecode provider name : javassist
2016-10-16 17:35:08,788 INFO  Version [JavaReflectionManager.java:66] HCANN000001: Hibernate Commons Annotations {5.0.1.Final}
2016-10-16 17:35:10,462 INFO  Dialect [Dialect.java:153] HHH000400: Using dialect: org.hibernate.dialect.PostgreSQL94Dialect
2016-10-16 17:35:11,263 INFO  LobCreatorBuilderImpl [LobCreatorBuilderImpl.java:124] HHH000424: Disabling contextual LOB creation as createClob() method threw error : java.lang.reflect.InvocationTargetException
2016-10-16 17:35:11,267 INFO  BasicTypeRegistry [BasicTypeRegistry.java:148] HHH000270: Type registration [java.util.UUID] overrides previous : org.hibernate.type.UUIDBinaryType@cbf1a
2016-10-16 17:35:12,259 INFO  Version [Version.java:30] HV000001: Hibernate Validator 5.2.4.Final
2016-10-16 17:35:13,078 INFO  QueryTranslatorFactoryInitiator [QueryTranslatorFactoryInitiator.java:47] HHH000397: Using ASTQueryTranslatorFactory
2016-10-16 17:35:13,351 INFO  LocalContainerEntityManagerFactoryBean [AbstractEntityManagerFactoryBean.java:382] Initialized JPA EntityManagerFactory for persistence unit 'default'
2016-10-16 17:35:13,536 INFO  ThreadPoolTaskExecutor [ExecutorConfigurationSupport.java:165] Initializing ExecutorService  'taskExecutor'
2016-10-16 17:35:13,635 INFO  ScriptUtils [ScriptUtils.java:444] Executing SQL script from class path resource [db/initDB.sql]
2016-10-16 17:35:14,309 INFO  ScriptUtils [ScriptUtils.java:510] Executed SQL script from class path resource [db/initDB.sql] in 673 ms.
2016-10-16 17:35:14,668 INFO  RequestMappingHandlerMapping [AbstractHandlerMethodMapping.java:537] Mapped "{[/multiUpload],methods=[GET]}" onto public java.lang.String com.controller.multiUpload.MultiUploadController.getMultiUploadPage(org.springframework.ui.ModelMap)
2016-10-16 17:35:14,670 INFO  RequestMappingHandlerMapping [AbstractHandlerMethodMapping.java:537] Mapped "{[/multiUpload],methods=[POST]}" onto public java.lang.String com.controller.multiUpload.MultiUploadController.multiFileUpload(org.springframework.web.multipart.MultipartHttpServletRequest,org.springframework.ui.Model) throws java.io.IOException
2016-10-16 17:35:14,672 INFO  RequestMappingHandlerMapping [AbstractHandlerMethodMapping.java:537] Mapped "{[/],methods=[GET]}" onto public java.lang.String com.controller.RootController.getHomePage()
2016-10-16 17:35:14,675 INFO  RequestMappingHandlerMapping [AbstractHandlerMethodMapping.java:537] Mapped "{[/singleUpload],methods=[GET]}" onto public java.lang.String com.controller.singleUpload.SingleUploadController.getSingleUploadPage(org.springframework.ui.ModelMap)
2016-10-16 17:35:14,676 INFO  RequestMappingHandlerMapping [AbstractHandlerMethodMapping.java:537] Mapped "{[/singleUpload],methods=[POST]}" onto public java.lang.String com.controller.singleUpload.SingleUploadController.singleFileUpload(org.springframework.web.multipart.MultipartFile,org.springframework.ui.ModelMap) throws java.io.IOException
2016-10-16 17:35:15,529 INFO  RequestMappingHandlerAdapter [RequestMappingHandlerAdapter.java:534] Looking for @ControllerAdvice: org.springframework.context.support.GenericXmlApplicationContext@feb3fa: startup date [Sun Oct 16 17:35:07 EEST 2016]; root of context hierarchy
2016-10-16 17:35:15,639 INFO  RequestMappingHandlerAdapter [RequestMappingHandlerAdapter.java:534] Looking for @ControllerAdvice: org.springframework.context.support.GenericXmlApplicationContext@feb3fa: startup date [Sun Oct 16 17:35:07 EEST 2016]; root of context hierarchy
2016-10-16 17:35:15,778 DEBUG ExceptionHandlerExceptionResolver [ExceptionHandlerExceptionResolver.java:258] Looking for exception mappings: org.springframework.context.support.GenericXmlApplicationContext@feb3fa: startup date [Sun Oct 16 17:35:07 EEST 2016]; root of context hierarchy
2016-10-16 17:35:17,656 INFO  SimpleUrlHandlerMapping [AbstractUrlHandlerMapping.java:354] Mapped URL path [/resources/**] onto handler 'org.springframework.web.servlet.resource.ResourceHttpRequestHandler#0'
2016-10-16 17:35:17,664 INFO  SimpleUrlHandlerMapping [AbstractUrlHandlerMapping.java:354] Mapped URL path [/**] onto handler 'org.springframework.web.servlet.resource.DefaultServletHttpRequestHandler#0'
2016-10-16 17:35:17,669 INFO  SimpleUrlHandlerMapping [AbstractUrlHandlerMapping.java:354] Mapped URL path [/webjars/**] onto handler 'org.springframework.web.servlet.resource.ResourceHttpRequestHandler#1'
2016-10-16 17:35:21,135 INFO  ThreadPoolTaskExecutor [ExecutorConfigurationSupport.java:203] Shutting down ExecutorService 'taskExecutor'
2016-10-16 17:35:46,208 INFO  XmlBeanDefinitionReader [XmlBeanDefinitionReader.java:317] Loading XML bean definitions from class path resource [spring/spring-app.xml]
2016-10-16 17:35:46,698 INFO  XmlBeanDefinitionReader [XmlBeanDefinitionReader.java:317] Loading XML bean definitions from class path resource [spring/spring-db.xml]
2016-10-16 17:35:46,859 INFO  DefaultBeanDefinitionDocumentReader [DefaultBeanDefinitionDocumentReader.java:133] Skipped XML bean definition file due to specified profiles [tomcat] not matching: class path resource [spring/spring-db.xml]
2016-10-16 17:35:46,874 INFO  XmlBeanDefinitionReader [XmlBeanDefinitionReader.java:317] Loading XML bean definitions from class path resource [spring/spring-mvc.xml]
2016-10-16 17:35:47,225 INFO  GenericXmlApplicationContext [AbstractApplicationContext.java:581] Refreshing org.springframework.context.support.GenericXmlApplicationContext@feb3fa: startup date [Sun Oct 16 17:35:47 EEST 2016]; root of context hierarchy
2016-10-16 17:35:47,807 INFO  PropertyPlaceholderConfigurer [PropertiesLoaderSupport.java:172] Loading properties file from class path resource [db/postgres.properties]
2016-10-16 17:35:47,823 INFO  AutowiredAnnotationBeanPostProcessor [AutowiredAnnotationBeanPostProcessor.java:155] JSR-330 'javax.inject.Inject' annotation found and supported for autowiring
2016-10-16 17:35:48,581 INFO  LocalContainerEntityManagerFactoryBean [LocalContainerEntityManagerFactoryBean.java:334] Building JPA container EntityManagerFactory for persistence unit 'default'
2016-10-16 17:35:48,629 INFO  LogHelper [LogHelper.java:31] HHH000204: Processing PersistenceUnitInfo [
	name: default
	...]
2016-10-16 17:35:48,948 INFO  Version [Version.java:45] HHH000412: Hibernate Core {5.2.1.Final}
2016-10-16 17:35:48,951 INFO  Environment [Environment.java:213] HHH000206: hibernate.properties not found
2016-10-16 17:35:48,955 INFO  Environment [Environment.java:318] HHH000021: Bytecode provider name : javassist
2016-10-16 17:35:49,098 INFO  Version [JavaReflectionManager.java:66] HCANN000001: Hibernate Commons Annotations {5.0.1.Final}
2016-10-16 17:35:50,309 INFO  Dialect [Dialect.java:153] HHH000400: Using dialect: org.hibernate.dialect.PostgreSQL94Dialect
2016-10-16 17:35:50,973 INFO  LobCreatorBuilderImpl [LobCreatorBuilderImpl.java:124] HHH000424: Disabling contextual LOB creation as createClob() method threw error : java.lang.reflect.InvocationTargetException
2016-10-16 17:35:50,977 INFO  BasicTypeRegistry [BasicTypeRegistry.java:148] HHH000270: Type registration [java.util.UUID] overrides previous : org.hibernate.type.UUIDBinaryType@cbf1a
2016-10-16 17:35:52,007 INFO  Version [Version.java:30] HV000001: Hibernate Validator 5.2.4.Final
2016-10-16 17:35:52,817 INFO  QueryTranslatorFactoryInitiator [QueryTranslatorFactoryInitiator.java:47] HHH000397: Using ASTQueryTranslatorFactory
2016-10-16 17:35:53,091 INFO  LocalContainerEntityManagerFactoryBean [AbstractEntityManagerFactoryBean.java:382] Initialized JPA EntityManagerFactory for persistence unit 'default'
2016-10-16 17:35:53,240 INFO  ThreadPoolTaskExecutor [ExecutorConfigurationSupport.java:165] Initializing ExecutorService  'taskExecutor'
2016-10-16 17:35:53,314 INFO  ScriptUtils [ScriptUtils.java:444] Executing SQL script from class path resource [db/initDB.sql]
2016-10-16 17:35:53,551 INFO  ScriptUtils [ScriptUtils.java:510] Executed SQL script from class path resource [db/initDB.sql] in 235 ms.
2016-10-16 17:35:53,859 INFO  RequestMappingHandlerMapping [AbstractHandlerMethodMapping.java:537] Mapped "{[/multiUpload],methods=[POST]}" onto public java.lang.String com.controller.multiUpload.MultiUploadController.multiFileUpload(org.springframework.web.multipart.MultipartHttpServletRequest,org.springframework.ui.Model) throws java.io.IOException
2016-10-16 17:35:53,861 INFO  RequestMappingHandlerMapping [AbstractHandlerMethodMapping.java:537] Mapped "{[/multiUpload],methods=[GET]}" onto public java.lang.String com.controller.multiUpload.MultiUploadController.getMultiUploadPage(org.springframework.ui.ModelMap)
2016-10-16 17:35:53,863 INFO  RequestMappingHandlerMapping [AbstractHandlerMethodMapping.java:537] Mapped "{[/],methods=[GET]}" onto public java.lang.String com.controller.RootController.getHomePage()
2016-10-16 17:35:53,866 INFO  RequestMappingHandlerMapping [AbstractHandlerMethodMapping.java:537] Mapped "{[/singleUpload],methods=[POST]}" onto public java.lang.String com.controller.singleUpload.SingleUploadController.singleFileUpload(org.springframework.web.multipart.MultipartFile,org.springframework.ui.ModelMap) throws java.io.IOException
2016-10-16 17:35:53,867 INFO  RequestMappingHandlerMapping [AbstractHandlerMethodMapping.java:537] Mapped "{[/singleUpload],methods=[GET]}" onto public java.lang.String com.controller.singleUpload.SingleUploadController.getSingleUploadPage(org.springframework.ui.ModelMap)
2016-10-16 17:35:54,807 INFO  RequestMappingHandlerAdapter [RequestMappingHandlerAdapter.java:534] Looking for @ControllerAdvice: org.springframework.context.support.GenericXmlApplicationContext@feb3fa: startup date [Sun Oct 16 17:35:47 EEST 2016]; root of context hierarchy
2016-10-16 17:35:54,915 INFO  RequestMappingHandlerAdapter [RequestMappingHandlerAdapter.java:534] Looking for @ControllerAdvice: org.springframework.context.support.GenericXmlApplicationContext@feb3fa: startup date [Sun Oct 16 17:35:47 EEST 2016]; root of context hierarchy
2016-10-16 17:35:54,959 DEBUG ExceptionHandlerExceptionResolver [ExceptionHandlerExceptionResolver.java:258] Looking for exception mappings: org.springframework.context.support.GenericXmlApplicationContext@feb3fa: startup date [Sun Oct 16 17:35:47 EEST 2016]; root of context hierarchy
2016-10-16 17:35:55,082 INFO  SimpleUrlHandlerMapping [AbstractUrlHandlerMapping.java:354] Mapped URL path [/resources/**] onto handler 'org.springframework.web.servlet.resource.ResourceHttpRequestHandler#0'
2016-10-16 17:35:55,090 INFO  SimpleUrlHandlerMapping [AbstractUrlHandlerMapping.java:354] Mapped URL path [/**] onto handler 'org.springframework.web.servlet.resource.DefaultServletHttpRequestHandler#0'
2016-10-16 17:35:55,098 INFO  SimpleUrlHandlerMapping [AbstractUrlHandlerMapping.java:354] Mapped URL path [/webjars/**] onto handler 'org.springframework.web.servlet.resource.ResourceHttpRequestHandler#1'
2016-10-16 17:35:57,210 INFO  ThreadPoolTaskExecutor [ExecutorConfigurationSupport.java:203] Shutting down ExecutorService 'taskExecutor'
2016-10-16 17:36:02,047 INFO  XmlBeanDefinitionReader [XmlBeanDefinitionReader.java:317] Loading XML bean definitions from class path resource [spring/spring-app.xml]
2016-10-16 17:36:02,699 INFO  XmlBeanDefinitionReader [XmlBeanDefinitionReader.java:317] Loading XML bean definitions from class path resource [spring/spring-db.xml]
2016-10-16 17:36:02,889 INFO  DefaultBeanDefinitionDocumentReader [DefaultBeanDefinitionDocumentReader.java:133] Skipped XML bean definition file due to specified profiles [tomcat] not matching: class path resource [spring/spring-db.xml]
2016-10-16 17:36:02,922 INFO  XmlBeanDefinitionReader [XmlBeanDefinitionReader.java:317] Loading XML bean definitions from class path resource [spring/spring-mvc.xml]
2016-10-16 17:36:03,278 INFO  GenericXmlApplicationContext [AbstractApplicationContext.java:581] Refreshing org.springframework.context.support.GenericXmlApplicationContext@feb3fa: startup date [Sun Oct 16 17:36:03 EEST 2016]; root of context hierarchy
2016-10-16 17:36:03,863 INFO  PropertyPlaceholderConfigurer [PropertiesLoaderSupport.java:172] Loading properties file from class path resource [db/postgres.properties]
2016-10-16 17:36:03,884 INFO  AutowiredAnnotationBeanPostProcessor [AutowiredAnnotationBeanPostProcessor.java:155] JSR-330 'javax.inject.Inject' annotation found and supported for autowiring
2016-10-16 17:36:04,550 INFO  LocalContainerEntityManagerFactoryBean [LocalContainerEntityManagerFactoryBean.java:334] Building JPA container EntityManagerFactory for persistence unit 'default'
2016-10-16 17:36:04,598 INFO  LogHelper [LogHelper.java:31] HHH000204: Processing PersistenceUnitInfo [
	name: default
	...]
2016-10-16 17:36:04,967 INFO  Version [Version.java:45] HHH000412: Hibernate Core {5.2.1.Final}
2016-10-16 17:36:04,970 INFO  Environment [Environment.java:213] HHH000206: hibernate.properties not found
2016-10-16 17:36:04,974 INFO  Environment [Environment.java:318] HHH000021: Bytecode provider name : javassist
2016-10-16 17:36:05,128 INFO  Version [JavaReflectionManager.java:66] HCANN000001: Hibernate Commons Annotations {5.0.1.Final}
2016-10-16 17:36:06,423 INFO  Dialect [Dialect.java:153] HHH000400: Using dialect: org.hibernate.dialect.PostgreSQL94Dialect
2016-10-16 17:36:07,113 INFO  LobCreatorBuilderImpl [LobCreatorBuilderImpl.java:124] HHH000424: Disabling contextual LOB creation as createClob() method threw error : java.lang.reflect.InvocationTargetException
2016-10-16 17:36:07,117 INFO  BasicTypeRegistry [BasicTypeRegistry.java:148] HHH000270: Type registration [java.util.UUID] overrides previous : org.hibernate.type.UUIDBinaryType@cbf1a
2016-10-16 17:36:08,768 INFO  Version [Version.java:30] HV000001: Hibernate Validator 5.2.4.Final
2016-10-16 17:36:09,673 INFO  QueryTranslatorFactoryInitiator [QueryTranslatorFactoryInitiator.java:47] HHH000397: Using ASTQueryTranslatorFactory
2016-10-16 17:36:09,933 INFO  LocalContainerEntityManagerFactoryBean [AbstractEntityManagerFactoryBean.java:382] Initialized JPA EntityManagerFactory for persistence unit 'default'
2016-10-16 17:36:10,101 INFO  ThreadPoolTaskExecutor [ExecutorConfigurationSupport.java:165] Initializing ExecutorService  'taskExecutor'
2016-10-16 17:36:10,189 INFO  ScriptUtils [ScriptUtils.java:444] Executing SQL script from class path resource [db/initDB.sql]
2016-10-16 17:36:10,573 INFO  ScriptUtils [ScriptUtils.java:510] Executed SQL script from class path resource [db/initDB.sql] in 383 ms.
2016-10-16 17:36:10,935 INFO  RequestMappingHandlerMapping [AbstractHandlerMethodMapping.java:537] Mapped "{[/multiUpload],methods=[POST]}" onto public java.lang.String com.controller.multiUpload.MultiUploadController.multiFileUpload(org.springframework.web.multipart.MultipartHttpServletRequest,org.springframework.ui.Model) throws java.io.IOException
2016-10-16 17:36:10,937 INFO  RequestMappingHandlerMapping [AbstractHandlerMethodMapping.java:537] Mapped "{[/multiUpload],methods=[GET]}" onto public java.lang.String com.controller.multiUpload.MultiUploadController.getMultiUploadPage(org.springframework.ui.ModelMap)
2016-10-16 17:36:10,939 INFO  RequestMappingHandlerMapping [AbstractHandlerMethodMapping.java:537] Mapped "{[/],methods=[GET]}" onto public java.lang.String com.controller.RootController.getHomePage()
2016-10-16 17:36:10,943 INFO  RequestMappingHandlerMapping [AbstractHandlerMethodMapping.java:537] Mapped "{[/singleUpload],methods=[POST]}" onto public java.lang.String com.controller.singleUpload.SingleUploadController.singleFileUpload(org.springframework.web.multipart.MultipartFile,org.springframework.ui.ModelMap) throws java.io.IOException
2016-10-16 17:36:10,944 INFO  RequestMappingHandlerMapping [AbstractHandlerMethodMapping.java:537] Mapped "{[/singleUpload],methods=[GET]}" onto public java.lang.String com.controller.singleUpload.SingleUploadController.getSingleUploadPage(org.springframework.ui.ModelMap)
2016-10-16 17:36:11,776 INFO  RequestMappingHandlerAdapter [RequestMappingHandlerAdapter.java:534] Looking for @ControllerAdvice: org.springframework.context.support.GenericXmlApplicationContext@feb3fa: startup date [Sun Oct 16 17:36:03 EEST 2016]; root of context hierarchy
2016-10-16 17:36:11,884 INFO  RequestMappingHandlerAdapter [RequestMappingHandlerAdapter.java:534] Looking for @ControllerAdvice: org.springframework.context.support.GenericXmlApplicationContext@feb3fa: startup date [Sun Oct 16 17:36:03 EEST 2016]; root of context hierarchy
2016-10-16 17:36:12,018 DEBUG ExceptionHandlerExceptionResolver [ExceptionHandlerExceptionResolver.java:258] Looking for exception mappings: org.springframework.context.support.GenericXmlApplicationContext@feb3fa: startup date [Sun Oct 16 17:36:03 EEST 2016]; root of context hierarchy
2016-10-16 17:36:12,132 INFO  SimpleUrlHandlerMapping [AbstractUrlHandlerMapping.java:354] Mapped URL path [/resources/**] onto handler 'org.springframework.web.servlet.resource.ResourceHttpRequestHandler#0'
2016-10-16 17:36:12,139 INFO  SimpleUrlHandlerMapping [AbstractUrlHandlerMapping.java:354] Mapped URL path [/**] onto handler 'org.springframework.web.servlet.resource.DefaultServletHttpRequestHandler#0'
2016-10-16 17:36:12,145 INFO  SimpleUrlHandlerMapping [AbstractUrlHandlerMapping.java:354] Mapped URL path [/webjars/**] onto handler 'org.springframework.web.servlet.resource.ResourceHttpRequestHandler#1'
2016-10-16 17:36:14,280 INFO  ThreadPoolTaskExecutor [ExecutorConfigurationSupport.java:203] Shutting down ExecutorService 'taskExecutor'
